{
  "RSpec": {
    "coverage": {
      "/Users/katherinedefliese/Documents/Ada_homework/break-projects/MyPlateMealPlanner/app/helpers/application_helper.rb": [
        1,
        null
      ],
      "/Users/katherinedefliese/Documents/Ada_homework/break-projects/MyPlateMealPlanner/app/helpers/ingredients_helper.rb": [
        1,
        null
      ],
      "/Users/katherinedefliese/Documents/Ada_homework/break-projects/MyPlateMealPlanner/app/helpers/meals_helper.rb": [
        1,
        null
      ],
      "/Users/katherinedefliese/Documents/Ada_homework/break-projects/MyPlateMealPlanner/app/controllers/ingredients_controller.rb": [
        1,
        null,
        1,
        0,
        null,
        null,
        1,
        0,
        0,
        null,
        null,
        1,
        0,
        0,
        null,
        null,
        1,
        0,
        null,
        null,
        1,
        0,
        0,
        null,
        null,
        1,
        0,
        0,
        0,
        null,
        0,
        null,
        0,
        null,
        null,
        1,
        null,
        1,
        0,
        null,
        null,
        null,
        null
      ],
      "/Users/katherinedefliese/Documents/Ada_homework/break-projects/MyPlateMealPlanner/app/controllers/application_controller.rb": [
        1,
        null,
        null,
        1,
        null
      ],
      "/Users/katherinedefliese/Documents/Ada_homework/break-projects/MyPlateMealPlanner/app/controllers/meals_controller.rb": [
        1,
        null,
        1,
        1,
        null,
        null,
        1,
        1,
        null,
        null,
        1,
        2,
        2,
        null,
        null,
        1,
        1,
        1,
        null,
        null,
        1,
        0,
        null,
        null,
        1,
        0,
        0,
        null,
        null,
        1,
        0,
        0,
        null,
        null,
        1,
        0,
        null,
        null,
        1,
        null,
        1,
        2,
        null,
        null
      ],
      "/Users/katherinedefliese/Documents/Ada_homework/break-projects/MyPlateMealPlanner/app/models/ingredient.rb": [
        1,
        1,
        null,
        1,
        null
      ],
      "/Users/katherinedefliese/Documents/Ada_homework/break-projects/MyPlateMealPlanner/app/models/meal.rb": [
        1,
        1,
        null,
        1,
        1,
        null,
        1,
        0,
        0,
        null,
        0,
        0,
        0,
        null,
        null,
        1,
        0,
        0,
        0,
        0,
        null,
        0,
        null,
        null,
        null,
        1,
        0,
        0,
        null,
        null,
        1,
        0,
        null,
        null,
        null
      ]
    },
    "timestamp": 1451711827
  }
}
