{
  "RSpec": {
    "coverage": {
      "/Users/emilygordon/Ada/project-forks/MyPlateMealPlanner/app/helpers/application_helper.rb": [
        1,
        null
      ],
      "/Users/emilygordon/Ada/project-forks/MyPlateMealPlanner/app/helpers/ingredients_helper.rb": [
        1,
        null
      ],
      "/Users/emilygordon/Ada/project-forks/MyPlateMealPlanner/app/helpers/meals_helper.rb": [
        1,
        null
      ],
      "/Users/emilygordon/Ada/project-forks/MyPlateMealPlanner/app/helpers/sessions_helper.rb": [
        1,
        null
      ],
      "/Users/emilygordon/Ada/project-forks/MyPlateMealPlanner/app/helpers/users_helper.rb": [
        1,
        null
      ],
      "/Users/emilygordon/Ada/project-forks/MyPlateMealPlanner/app/controllers/ingredients_controller.rb": [
        1,
        null,
        1,
        0,
        0,
        0,
        null,
        null,
        1,
        0,
        null,
        null,
        1,
        0,
        0,
        null,
        null,
        1,
        0,
        0,
        null,
        null,
        1,
        0,
        null,
        null,
        1,
        0,
        0,
        null,
        null,
        1,
        0,
        0,
        0,
        null,
        0,
        null,
        0,
        null,
        null,
        1,
        null,
        1,
        0,
        null,
        null,
        null,
        null
      ],
      "/Users/emilygordon/Ada/project-forks/MyPlateMealPlanner/app/controllers/application_controller.rb": [
        1,
        null,
        null,
        1,
        1,
        null,
        1,
        7,
        0,
        null,
        null,
        null
      ],
      "/Users/emilygordon/Ada/project-forks/MyPlateMealPlanner/app/controllers/meals_controller.rb": [
        1,
        null,
        1,
        1,
        null,
        null,
        1,
        1,
        null,
        null,
        1,
        1,
        1,
        null,
        null,
        1,
        1,
        null,
        null,
        1,
        1,
        1,
        null,
        null,
        1,
        1,
        1,
        null,
        null,
        1,
        1,
        null,
        null,
        1,
        null,
        1,
        2,
        null,
        null
      ],
      "/Users/emilygordon/Ada/project-forks/MyPlateMealPlanner/app/controllers/sessions_controller.rb": [
        1,
        1,
        null,
        null,
        1,
        0,
        0,
        null,
        0,
        0,
        0,
        0,
        0,
        null,
        0,
        0,
        null,
        null,
        0,
        0,
        null,
        null,
        null,
        1,
        0,
        0,
        0,
        null,
        null,
        1,
        null,
        1,
        0,
        null,
        null
      ],
      "/Users/emilygordon/Ada/project-forks/MyPlateMealPlanner/app/controllers/users_controller.rb": [
        1,
        1,
        0,
        null,
        null,
        1,
        0,
        0,
        0,
        0,
        0,
        null,
        0,
        null,
        null,
        null,
        1,
        null,
        1,
        0,
        null,
        null
      ],
      "/Users/emilygordon/Ada/project-forks/MyPlateMealPlanner/app/models/ingredient.rb": [
        1,
        1,
        null,
        1,
        null
      ],
      "/Users/emilygordon/Ada/project-forks/MyPlateMealPlanner/app/models/meal.rb": [
        1,
        1,
        1,
        null,
        1,
        1,
        null,
        1,
        0,
        0,
        null,
        0,
        0,
        0,
        null,
        null,
        1,
        0,
        0,
        0,
        0,
        null,
        0,
        null,
        null,
        null,
        1,
        0,
        0,
        null,
        null,
        1,
        0,
        null,
        null,
        null
      ],
      "/Users/emilygordon/Ada/project-forks/MyPlateMealPlanner/app/models/user.rb": [
        1,
        1,
        null,
        1,
        1,
        null,
        1,
        1,
        1,
        1,
        null,
        1,
        1,
        1,
        null
      ]
    },
    "timestamp": 1452660542
  }
}
